<?xml version="1.0" encoding="UTF-8"?>
<testng-results ignored="0" total="11" passed="11" failed="0" skipped="0">
  <reporter-output>
  </reporter-output>
  <suite started-at="2022-05-29T19:09:24 IST" name="Default suite" finished-at="2022-05-29T19:19:10 IST" duration-ms="586734">
    <groups>
    </groups>
    <test started-at="2022-05-29T19:09:24 IST" name="Default test" finished-at="2022-05-29T19:19:10 IST" duration-ms="586734">
      <class name="com.test.Main.Main">
        <test-method is-config="true" signature="ManageDriver()[pri:0, instance:com.test.Main.Main@3315d2d7]" started-at="2022-05-29T19:08:46 IST" name="ManageDriver" finished-at="2022-05-29T19:09:24 IST" duration-ms="37783" status="PASS">
          <reporter-output>
          </reporter-output>
        </test-method> <!-- ManageDriver -->
        <test-method signature="searchWebCourse()[pri:0, instance:com.test.Main.Main@3315d2d7]" started-at="2022-05-29T19:09:24 IST" name="searchWebCourse" finished-at="2022-05-29T19:09:34 IST" duration-ms="9974" status="PASS">
          <reporter-output>
          </reporter-output>
        </test-method> <!-- searchWebCourse -->
        <test-method signature="findWebCourse()[pri:1, instance:com.test.Main.Main@3315d2d7]" started-at="2022-05-29T19:09:34 IST" name="findWebCourse" finished-at="2022-05-29T19:09:48 IST" duration-ms="14688" status="PASS">
          <reporter-output>
          </reporter-output>
        </test-method> <!-- findWebCourse -->
        <test-method signature="findDetails()[pri:2, instance:com.test.Main.Main@3315d2d7]" started-at="2022-05-29T19:09:48 IST" name="findDetails" finished-at="2022-05-29T19:09:50 IST" duration-ms="1619" status="PASS">
          <reporter-output>
          </reporter-output>
        </test-method> <!-- findDetails -->
        <test-method signature="navigateToHome()[pri:3, instance:com.test.Main.Main@3315d2d7]" started-at="2022-05-29T19:09:50 IST" name="navigateToHome" finished-at="2022-05-29T19:09:56 IST" duration-ms="5868" status="PASS">
          <reporter-output>
          </reporter-output>
        </test-method> <!-- navigateToHome -->
        <test-method signature="searchLangLearn()[pri:4, instance:com.test.Main.Main@3315d2d7]" started-at="2022-05-29T19:09:56 IST" name="searchLangLearn" finished-at="2022-05-29T19:10:09 IST" duration-ms="13071" status="PASS">
          <reporter-output>
          </reporter-output>
        </test-method> <!-- searchLangLearn -->
        <test-method signature="langLearn()[pri:5, instance:com.test.Main.Main@3315d2d7]" started-at="2022-05-29T19:10:09 IST" name="langLearn" finished-at="2022-05-29T19:10:48 IST" duration-ms="38644" status="PASS">
          <reporter-output>
          </reporter-output>
        </test-method> <!-- langLearn -->
        <test-method signature="sortByLanguage()[pri:6, instance:com.test.Main.Main@3315d2d7]" started-at="2022-05-29T19:10:48 IST" name="sortByLanguage" finished-at="2022-05-29T19:16:05 IST" duration-ms="317945" status="PASS">
          <reporter-output>
          </reporter-output>
        </test-method> <!-- sortByLanguage -->
        <test-method signature="navigateToHomeAgain()[pri:7, instance:com.test.Main.Main@3315d2d7]" started-at="2022-05-29T19:16:06 IST" name="navigateToHomeAgain" finished-at="2022-05-29T19:17:21 IST" duration-ms="74623" status="PASS">
          <reporter-output>
          </reporter-output>
        </test-method> <!-- navigateToHomeAgain -->
        <test-method signature="navigatePage()[pri:8, instance:com.test.Main.Main@3315d2d7]" started-at="2022-05-29T19:17:21 IST" name="navigatePage" finished-at="2022-05-29T19:18:43 IST" duration-ms="82518" status="PASS">
          <reporter-output>
          </reporter-output>
        </test-method> <!-- navigatePage -->
        <test-method signature="fillForm()[pri:9, instance:com.test.Main.Main@3315d2d7]" started-at="2022-05-29T19:18:43 IST" name="fillForm" finished-at="2022-05-29T19:19:03 IST" duration-ms="19684" status="PASS">
          <reporter-output>
          </reporter-output>
        </test-method> <!-- fillForm -->
        <test-method signature="fetchMessage()[pri:10, instance:com.test.Main.Main@3315d2d7]" started-at="2022-05-29T19:19:03 IST" name="fetchMessage" finished-at="2022-05-29T19:19:10 IST" duration-ms="6807" status="PASS">
          <reporter-output>
          </reporter-output>
        </test-method> <!-- fetchMessage -->
        <test-method is-config="true" signature="closeDriver()[pri:0, instance:com.test.Main.Main@3315d2d7]" started-at="2022-05-29T19:19:14 IST" name="closeDriver" finished-at="2022-05-29T19:19:50 IST" duration-ms="35882" status="FAIL">
          <exception class="org.openqa.selenium.WebDriverException">
            <message>
              <![CDATA[Timed out waiting for driver server to stop.
Build info: version: '4.1.4', revision: '535d840ee2'
System info: host: 'SYSTEM-ALIK', ip: '192.168.31.232', os.name: 'Windows 10', os.arch: 'amd64', os.version: '10.0', java.version: '16.0.2'
Driver info: org.openqa.selenium.chrome.ChromeDriver
Command: [3b1b32f5e39921f0b409df40a9abf18a, quit {}]
Capabilities {acceptInsecureCerts: false, browserName: chrome, browserVersion: 101.0.4951.67, chrome: {chromedriverVersion: 100.0.4896.60 (6a5d10861ce8..., userDataDir: C:\Users\Lenovo\AppData\Loc...}, goog:chromeOptions: {debuggerAddress: localhost:52072}, javascriptEnabled: true, networkConnectionEnabled: false, pageLoadStrategy: normal, platform: WINDOWS, platformName: WINDOWS, proxy: Proxy(), se:cdp: ws://localhost:52072/devtoo..., se:cdpVersion: 101.0.4951.67, setWindowRect: true, strictFileInteractability: false, timeouts: {implicit: 0, pageLoad: 300000, script: 30000}, unhandledPromptBehavior: dismiss and notify, webauthn:extension:credBlob: true, webauthn:extension:largeBlob: true, webauthn:virtualAuthenticators: true}
Session ID: 3b1b32f5e39921f0b409df40a9abf18a]]>
            </message>
            <full-stacktrace>
              <![CDATA[org.openqa.selenium.WebDriverException: Timed out waiting for driver server to stop.
Build info: version: '4.1.4', revision: '535d840ee2'
System info: host: 'SYSTEM-ALIK', ip: '192.168.31.232', os.name: 'Windows 10', os.arch: 'amd64', os.version: '10.0', java.version: '16.0.2'
Driver info: org.openqa.selenium.chrome.ChromeDriver
Command: [3b1b32f5e39921f0b409df40a9abf18a, quit {}]
Capabilities {acceptInsecureCerts: false, browserName: chrome, browserVersion: 101.0.4951.67, chrome: {chromedriverVersion: 100.0.4896.60 (6a5d10861ce8..., userDataDir: C:\Users\Lenovo\AppData\Loc...}, goog:chromeOptions: {debuggerAddress: localhost:52072}, javascriptEnabled: true, networkConnectionEnabled: false, pageLoadStrategy: normal, platform: WINDOWS, platformName: WINDOWS, proxy: Proxy(), se:cdp: ws://localhost:52072/devtoo..., se:cdpVersion: 101.0.4951.67, setWindowRect: true, strictFileInteractability: false, timeouts: {implicit: 0, pageLoad: 300000, script: 30000}, unhandledPromptBehavior: dismiss and notify, webauthn:extension:credBlob: true, webauthn:extension:largeBlob: true, webauthn:virtualAuthenticators: true}
Session ID: 3b1b32f5e39921f0b409df40a9abf18a
at org.openqa.selenium.remote.service.DriverCommandExecutor.execute(DriverCommandExecutor.java:132)
at org.openqa.selenium.remote.RemoteWebDriver.execute(RemoteWebDriver.java:567)
at org.openqa.selenium.remote.RemoteWebDriver.execute(RemoteWebDriver.java:622)
at org.openqa.selenium.remote.RemoteWebDriver.execute(RemoteWebDriver.java:626)
at org.openqa.selenium.remote.RemoteWebDriver.quit(RemoteWebDriver.java:463)
at org.openqa.selenium.chromium.ChromiumDriver.quit(ChromiumDriver.java:293)
at com.test.Main.Main.closeDriver(Main.java:136)
at java.base/jdk.internal.reflect.NativeMethodAccessorImpl.invoke0(Native Method)
at java.base/jdk.internal.reflect.NativeMethodAccessorImpl.invoke(NativeMethodAccessorImpl.java:78)
at java.base/jdk.internal.reflect.DelegatingMethodAccessorImpl.invoke(DelegatingMethodAccessorImpl.java:43)
at java.base/java.lang.reflect.Method.invoke(Method.java:567)
at org.testng.internal.MethodInvocationHelper.invokeMethod(MethodInvocationHelper.java:133)
at org.testng.internal.MethodInvocationHelper.invokeMethodConsideringTimeout(MethodInvocationHelper.java:62)
at org.testng.internal.ConfigInvoker.invokeConfigurationMethod(ConfigInvoker.java:385)
at org.testng.internal.ConfigInvoker.invokeConfigurations(ConfigInvoker.java:321)
at org.testng.SuiteRunner.privateRun(SuiteRunner.java:344)
at org.testng.SuiteRunner.run(SuiteRunner.java:276)
at org.testng.SuiteRunnerWorker.runSuite(SuiteRunnerWorker.java:53)
at org.testng.SuiteRunnerWorker.run(SuiteRunnerWorker.java:96)
at org.testng.TestNG.runSuitesSequentially(TestNG.java:1212)
at org.testng.TestNG.runSuitesLocally(TestNG.java:1134)
at org.testng.TestNG.runSuites(TestNG.java:1063)
at org.testng.TestNG.run(TestNG.java:1031)
at org.testng.remote.AbstractRemoteTestNG.run(AbstractRemoteTestNG.java:115)
at org.testng.remote.RemoteTestNG.initAndRun(RemoteTestNG.java:251)
at org.testng.remote.RemoteTestNG.main(RemoteTestNG.java:77)
Caused by: java.util.concurrent.ExecutionException: org.openqa.selenium.TimeoutException: Process timed out after waiting for 20000 ms.
Build info: version: '4.1.4', revision: '535d840ee2'
System info: host: 'SYSTEM-ALIK', ip: '192.168.31.232', os.name: 'Windows 10', os.arch: 'amd64', os.version: '10.0', java.version: '16.0.2'
Driver info: driver.version: unknown
at java.base/java.util.concurrent.CompletableFuture.reportGet(CompletableFuture.java:395)
at java.base/java.util.concurrent.CompletableFuture.get(CompletableFuture.java:2092)
at org.openqa.selenium.remote.service.DriverCommandExecutor.execute(DriverCommandExecutor.java:128)
... 25 more
Caused by: org.openqa.selenium.TimeoutException: Process timed out after waiting for 20000 ms.
Build info: version: '4.1.4', revision: '535d840ee2'
System info: host: 'SYSTEM-ALIK', ip: '192.168.31.232', os.name: 'Windows 10', os.arch: 'amd64', os.version: '10.0', java.version: '16.0.2'
Driver info: driver.version: unknown
at org.openqa.selenium.os.OsProcess.waitFor(OsProcess.java:174)
at org.openqa.selenium.os.CommandLine.waitFor(CommandLine.java:114)
at org.openqa.selenium.remote.service.DriverCommandExecutor.lambda$execute$2(DriverCommandExecutor.java:122)
at java.base/java.util.concurrent.CompletableFuture$AsyncSupply.run(CompletableFuture.java:1764)
at java.base/java.util.concurrent.ThreadPoolExecutor.runWorker(ThreadPoolExecutor.java:1130)
at java.base/java.util.concurrent.ThreadPoolExecutor$Worker.run(ThreadPoolExecutor.java:630)
at java.base/java.lang.Thread.run(Thread.java:831)
]]>
            </full-stacktrace>
          </exception> <!-- org.openqa.selenium.WebDriverException -->
          <reporter-output>
          </reporter-output>
        </test-method> <!-- closeDriver -->
      </class> <!-- com.test.Main.Main -->
    </test> <!-- Default test -->
  </suite> <!-- Default suite -->
</testng-results>
